<?xml version="1.0" encoding="UTF-8"?>
<!-- Generated by org.testng.reporters.JUnitReportReporter -->
<testsuite hostname="LAPTOP-R04GMV33" failures="0" tests="1" name="Module1_Login_Test.KiteLoginTestPOM" time="2.180" errors="0" timestamp="2022-08-05T14:53:23 IST" skipped="0">
  <testcase classname="Module1_Login_Test.KiteLoginTestPOM" name="verifyuserID" time="2.180"/>
  <system-out/>
</testsuite> <!-- Module1_Login_Test.KiteLoginTestPOM -->
